<?xml version="1.0" encoding="UTF-8"?>
<!-- Generated by org.testng.reporters.JUnitReportReporter -->
<testsuite hostname="LAPTOP-K89M7HLQ" failures="0" tests="1" name="TestNG.NewTest1" time="5.790" errors="0" timestamp="2022-09-13T11:42:53 IST" skipped="0">
  <testcase classname="TestNG.NewTest1" name="Homepage" time="5.790"/>
  <system-out/>
</testsuite> <!-- TestNG.NewTest1 -->
